I, [2016-06-15T09:52:03.652781 #23209]  INFO -- : Starting clock for 1 events: [ work ]
I, [2016-06-15T09:52:03.653573 #23209]  INFO -- : Triggering 'work'
田辺
水曜日の休講情報
09時52分時点
1限目:ＢｕｓｉｎｅｓｓＥｎｇｌｉｓｈ１−２ 講師(ANDREWMEREDITHDAVIES)
1限目:線形代数学Ｉ−１ 講師(多久和英樹)
2限目:イングリッシュ・ワークショップ２−３１０ 講師(ANDREWMEREDITHDAVIES)
水曜日の休講情報
09時52分時点
2限目:線形代数学Ｉ−３ 講師(多久和英樹)
3限目:コミュニカティブ・イングリッシュ２−１１０ 講師(ANDREWMEREDITHDAVIES)
4限目:ＣｏｍｍｕｎｉｃａｔｉｖｅＳｋｉｌｌｓｉｎＧｅｒｍａｎＩＩＩ−２ 講師(三ツ木道夫)
水曜日の休講情報
09時52分時点
4限目:応用数学Ｉ−２ 講師(多久和英樹)
今出川
水曜日の休講情報
09時52分時点
1限目:キリスト教史特講１ 講師(村上みか)
2限目:日本アジア関係論 講師(廣野美和)
2限目:簿記学Ｉ−７ 講師(齋藤雅子)
3限目:原価計算論 講師(河合隆治)
水曜日の休講情報
09時52分時点
3限目:ＢｕｓｉｎｅｓｓＥｎｇｌｉｓｈ−８ 講師(齋藤雅子)
3限目:コミュニカティブ・イングリッシュ２−５１７ 講師(杉山潤)
3限目:仏書講読Ｉ 講師(竹中幸史)
水曜日の休講情報
09時52分時点
4限目:コミュニカティブ・イングリッシュ２−５２７ 講師(杉山潤)
4限目:教育文化学基礎演習ＩＩＩ−１ 講師(竹中幸史)
5限目:戦略管理会計 講師(河合隆治)
end
